<?xml version="1.0" encoding="UTF-8"?>
<!-- Generated by org.testng.reporters.JUnitReportReporter -->
<testsuite hostname="DESKTOP-14BO2U0" name="TestCases.LogOutTestCase" tests="1" failures="0" timestamp="9 Nov 2021 09:02:51 GMT" time="3.594" errors="0">
  <testcase name="logoutOeration" time="3.594" classname="TestCases.LogOutTestCase"/>
</testsuite> <!-- TestCases.LogOutTestCase -->
