<?xml version="1.0" encoding="UTF-8"?>
<!-- Generated by org.testng.reporters.JUnitReportReporter -->
<testsuite hostname="DESKTOP-14BO2U0" name="TestCases.HomeTestCase" tests="2" failures="0" timestamp="9 Nov 2021 20:06:36 GMT" time="6.899" errors="0">
  <testcase name="homePageMyInfoOperation" time="4.763" classname="TestCases.HomeTestCase"/>
  <testcase name="homePageAdminOperation" time="2.136" classname="TestCases.HomeTestCase"/>
</testsuite> <!-- TestCases.HomeTestCase -->
