<?xml version="1.0" encoding="UTF-8"?>
<!-- Generated by org.testng.reporters.JUnitReportReporter -->
<testsuite hostname="DESKTOP-14BO2U0" name="TestCases.LoginTestCase" tests="1" failures="0" timestamp="9 Nov 2021 20:06:36 GMT" time="12.132" errors="0">
  <testcase name="Login" time="12.132" classname="TestCases.LoginTestCase"/>
</testsuite> <!-- TestCases.LoginTestCase -->
